Initial Theta:  [0, 0, 0, 0, 0]
Beginning 60 episodes of Training
New Theta Values:  [-0.3916594532456933, 0.49271717369835966, 0.0, -3.3915744898465086, 0.0]
Episode 0 finished
New Theta Values:  [-1.6602069666338597e+19, 0.6449685869764332, -1.6479597136973414, -11.227566333155444, -45.54866286853507]
Episode 1 finished
New Theta Values:  [-1.6602069666338597e+19, 0.9891104939697787, -2.1285770168848024, -11.230352989665409, -45.54866286853507]
Episode 2 finished
New Theta Values:  [-1.6602069666338597e+19, 0.9891104939697787, -2.1285770168848024, -11.230985547011137, -45.54866286853507]
Episode 3 finished
New Theta Values:  [-1.6602069666338597e+19, 0.9891104939697787, -2.1285770168848024, -11.231104852604332, -45.54866286853507]
Episode 4 finished
New Theta Values:  [-1.6602069666338597e+19, 0.9891104939697787, -2.1285770168848024, -11.232154128412365, -45.54866286853507]
Episode 5 finished
New Theta Values:  [-1.6602069666338597e+19, 0.9891386175004733, -2.128302432683932, -11.233427522024897, -45.54866286853507]
Episode 6 finished
New Theta Values:  [-1.6602069666338597e+19, 0.9891386175004733, -2.128302432683932, -11.233915391964054, -45.54866286853507]
Episode 7 finished
New Theta Values:  [-1.6602069666338597e+19, 0.9891386175004733, -2.128302432683932, -11.234260326975033, -45.54866286853507]
Episode 8 finished
New Theta Values:  [-1.6602069666338597e+19, 0.9891386175004733, -2.128302432683932, -11.234379242531555, -45.54866286853507]
Episode 9 finished
New Theta Values:  [-1.6602069666338597e+19, 0.011667875889276536, -2.128302432683932, -11.235491261161455, -45.54866286853507]
Episode 10 finished
New Theta Values:  [-1.6602069666338597e+19, -0.8632172853584791, -2.224791444516323, -11.236637263227294, -45.54866286853507]
Episode 11 finished
New Theta Values:  [-1.6602069666338597e+19, -0.8631103422292253, -2.224795831613489, -11.237043817557518, -45.54866286853507]
Episode 12 finished
New Theta Values:  [-1.6602069666338597e+19, -0.6760042159304142, -2.224795831613489, -11.237558561306365, -45.54866286853507]
Episode 13 finished
New Theta Values:  [-1.6602069666338597e+19, -0.6758764880054441, -2.224799674474039, -11.237963112907158, -45.54866286853507]
Episode 14 finished
New Theta Values:  [-1.6602069666338597e+19, -0.7696892139642189, -2.318318914226487, -11.238987990684677, -45.54866286853507]
Episode 15 finished
New Theta Values:  [-1.6602069666338597e+19, -1.3394623865628177, -2.318318914226487, -11.239647448046862, -45.54866286853507]
Episode 16 finished
New Theta Values:  [-1.6602069666338597e+19, -1.3394623865628177, -2.318318914226487, -11.240274155134177, -45.54866286853507]
Episode 17 finished
New Theta Values:  [-1.6602069666338597e+19, -1.3389340035688782, -2.3175092384862976, -11.24208272218043, -45.54866286853507]
Episode 18 finished
New Theta Values:  [-1.6602069666338597e+19, -1.338754056118145, -2.3175092384862976, -11.242793510747696, -45.54866286853507]
Episode 19 finished
New Theta Values:  [-1.6602069666338597e+19, -1.7125272865341117, -2.3175138837122553, -11.24343867798049, -45.54866286853507]
Episode 20 finished
New Theta Values:  [-1.6602069666338597e+19, -1.7125272865341117, -2.3175138837122553, -11.244015908290114, -45.54866286853507]
Episode 21 finished
New Theta Values:  [-1.6602069666338597e+19, -0.18762051642344782, -2.299587949278517, -11.244377010645486, -45.54866286853507]
Episode 22 finished
New Theta Values:  [-1.6602069666338597e+19, -0.3257903604094152, -2.4374846697826382, -11.245838916162246, -45.54866286853507]
Episode 23 finished
New Theta Values:  [-1.6602069666338597e+19, -0.5201198479176835, -2.6304406239008293, -11.248045015953677, -45.54866286853507]
Episode 24 finished
New Theta Values:  [-1.6602069666338597e+19, -0.7148448597498057, -2.8251408628436465, -11.248625932444765, -45.54866286853507]
Episode 25 finished
New Theta Values:  [-1.6602069666338597e+19, -0.7148448597498057, -2.8251408628436465, -11.249223608571338, -45.54866286853507]
Episode 26 finished
New Theta Values:  [-1.6602069666338597e+19, -0.7148448597498057, -2.8251408628436465, -11.249785801260296, -45.54866286853507]
Episode 27 finished
New Theta Values:  [-1.6602069666338597e+19, -0.7148448597498057, -2.8251408628436465, -11.250242350162981, -45.54866286853507]
Episode 28 finished
New Theta Values:  [-1.6602069666338597e+19, -0.7656251425200891, -2.8758936918207674, -11.250808938617334, -45.54866286853507]
Episode 29 finished
New Theta Values:  [-1.6602069666338597e+19, 0.46301777006811773, -2.8758989647940125, -11.251255447781196, -45.54866286853507]
Episode 30 finished
New Theta Values:  [-1.6602069666338597e+19, -0.6416592597095716, -2.875901600474642, -11.251637091147053, -45.54866286853507]
Episode 31 finished
New Theta Values:  [-1.6602069666338597e+19, -1.2475163370277464, -2.8832804841946396, -11.25266803646494, -45.54866286853507]
Episode 32 finished
New Theta Values:  [-1.6602069666338597e+19, -1.2475163370277464, -2.8832804841946396, -11.253146611503833, -45.54866286853507]
Episode 33 finished
New Theta Values:  [-1.6602069666338597e+19, -1.2475163370277464, -2.8832804841946396, -11.25332164270607, -45.54866286853507]
Episode 34 finished
New Theta Values:  [-1.6602069666338597e+19, -1.2475163370277464, -2.8832804841946396, -11.253776580544146, -45.54866286853507]
Episode 35 finished
New Theta Values:  [-1.6602069666338597e+19, 0.06659003552466145, -2.8723239396943647, -11.25484581960666, -45.54866286853507]
Episode 36 finished
New Theta Values:  [-1.6602069666338597e+19, 0.06656514169560891, -2.8723239396943647, -11.255487965284365, -45.54866286853507]
Episode 37 finished
New Theta Values:  [-1.6602069666338597e+19, -0.03610538000688545, -2.974948540473342, -11.25604715287496, -45.54866286853507]
Episode 38 finished
New Theta Values:  [-1.6602069666338597e+19, -0.12064013426663217, -3.0594206769520547, -11.256576068445478, -45.54866286853507]
Episode 39 finished
New Theta Values:  [-1.6602069666338597e+19, -0.12058769265243102, -3.0594206769520547, -11.257407404364942, -45.54866286853507]
Episode 40 finished
New Theta Values:  [-1.6602069666338597e+19, 0.8336226825675555, -3.0594326665418214, -11.257734487951842, -45.54866286853507]
Episode 41 finished
New Theta Values:  [-1.6602069666338597e+19, 0.8335359881945122, -3.059434844285428, -11.258792549828204, -45.54866286853507]
Episode 42 finished
New Theta Values:  [-1.6602069666338597e+19, 0.5307965076455208, -3.362005599954018, -11.259368056144966, -45.54866286853507]
Episode 43 finished
New Theta Values:  [-1.6602069666338597e+19, 0.5308237865569857, -3.362005599954018, -11.259546089759425, -45.54866286853507]
Episode 44 finished
New Theta Values:  [-1.6602069666338597e+19, 0.5308237865569857, -3.362005599954018, -11.260183629405963, -45.54866286853507]
Episode 45 finished
New Theta Values:  [-1.6602069666338597e+19, 0.5308237865569857, -3.362005599954018, -11.260774439639338, -45.54866286853507]
Episode 46 finished
New Theta Values:  [-1.6602069666338597e+19, 0.43056106277896683, -3.46219557141818, -11.261993043755174, -45.54866286853507]
Episode 47 finished
New Theta Values:  [-1.6602069666338597e+19, 1.1396304407799147, -3.462196296796528, -11.262713105400431, -45.54866286853507]
Episode 48 finished
New Theta Values:  [-1.6602069666338597e+19, 1.1396304407799147, -3.462196296796528, -11.262863356702788, -45.54866286853507]
Episode 49 finished
New Theta Values:  [-1.6602069666338597e+19, -1.0236830448080354, -3.462196296796528, -11.263304803897952, -45.54866286853507]
Episode 50 finished
New Theta Values:  [-1.6602069666338597e+19, 0.30056683959711483, -3.456115582639487, -11.263824568737654, -45.54866286853507]
Episode 51 finished
New Theta Values:  [-1.6602069666338597e+19, 0.8008052093015111, -3.7214243191400813, -11.264467206209229, -45.54866286853507]
Episode 52 finished
New Theta Values:  [-1.6602069666338597e+19, 0.6313087878107707, -3.8907134573119255, -11.265091177442883, -45.54866286853507]
Episode 53 finished
New Theta Values:  [-1.6602069666338597e+19, 0.5653278873501077, -3.943524804850515, -11.279221578124197, -45.54866286853507]
Episode 54 finished
New Theta Values:  [-1.6602069666338597e+19, 0.5653278873501077, -3.937373114547657, -11.281939087401444, -45.54866286853507]
Episode 55 finished
New Theta Values:  [-1.6602069666338597e+19, 0.5653407690498846, -3.937373114547657, -11.282677367129278, -45.54866286853507]
Episode 56 finished
New Theta Values:  [-1.6602069666338597e+19, 0.6261842876861241, -3.931221316352406, -11.285652235623818, -45.54866286853507]
Episode 57 finished
New Theta Values:  [-1.6602069666338597e+19, 0.6261842876861241, -3.931221316352406, -11.28618303193685, -45.54866286853507]
Episode 58 finished
New Theta Values:  [-1.6602069666338597e+19, 0.6262084282682152, -3.931221316352406, -11.286376516280376, -45.54866286853507]
Episode 59 finished
Training Done (turning off epsilon and alpha)
---------------------------------------------
Pacman died! Score: -392
New Theta Values:  [-1.6602069666338597e+19, 0.6262084282682152, -3.931221316352406, -11.286376516280376, -45.54866286853507]
Episode 60 finished
Pacman died! Score: -414
New Theta Values:  [-1.6602069666338597e+19, 0.6262084282682152, -3.931221316352406, -11.286376516280376, -45.54866286853507]
Episode 61 finished
Pacman died! Score: -278
New Theta Values:  [-1.6602069666338597e+19, 0.6262084282682152, -3.931221316352406, -11.286376516280376, -45.54866286853507]
Episode 62 finished
Pacman died! Score: -358
New Theta Values:  [-1.6602069666338597e+19, 0.6262084282682152, -3.931221316352406, -11.286376516280376, -45.54866286853507]
Episode 63 finished
Pacman died! Score: -350
New Theta Values:  [-1.6602069666338597e+19, 0.6262084282682152, -3.931221316352406, -11.286376516280376, -45.54866286853507]
Episode 64 finished
Pacman died! Score: -319
New Theta Values:  [-1.6602069666338597e+19, 0.6262084282682152, -3.931221316352406, -11.286376516280376, -45.54866286853507]
Episode 65 finished
Pacman died! Score: -265
New Theta Values:  [-1.6602069666338597e+19, 0.6262084282682152, -3.931221316352406, -11.286376516280376, -45.54866286853507]
Episode 66 finished
Pacman died! Score: -307
New Theta Values:  [-1.6602069666338597e+19, 0.6262084282682152, -3.931221316352406, -11.286376516280376, -45.54866286853507]
Episode 67 finished
Pacman died! Score: -357
New Theta Values:  [-1.6602069666338597e+19, 0.6262084282682152, -3.931221316352406, -11.286376516280376, -45.54866286853507]
Episode 68 finished
Pacman died! Score: -365
New Theta Values:  [-1.6602069666338597e+19, 0.6262084282682152, -3.931221316352406, -11.286376516280376, -45.54866286853507]
Episode 69 finished
Pacman died! Score: -288
New Theta Values:  [-1.6602069666338597e+19, 0.6262084282682152, -3.931221316352406, -11.286376516280376, -45.54866286853507]
Episode 70 finished
Pacman died! Score: -331
New Theta Values:  [-1.6602069666338597e+19, 0.6262084282682152, -3.931221316352406, -11.286376516280376, -45.54866286853507]
Episode 71 finished
Pacman died! Score: -417
New Theta Values:  [-1.6602069666338597e+19, 0.6262084282682152, -3.931221316352406, -11.286376516280376, -45.54866286853507]
Episode 72 finished
Pacman died! Score: -313
New Theta Values:  [-1.6602069666338597e+19, 0.6262084282682152, -3.931221316352406, -11.286376516280376, -45.54866286853507]
Episode 73 finished
Pacman died! Score: -402
New Theta Values:  [-1.6602069666338597e+19, 0.6262084282682152, -3.931221316352406, -11.286376516280376, -45.54866286853507]
Episode 74 finished
Pacman died! Score: -354
New Theta Values:  [-1.6602069666338597e+19, 0.6262084282682152, -3.931221316352406, -11.286376516280376, -45.54866286853507]
Episode 75 finished
Pacman died! Score: -315
New Theta Values:  [-1.6602069666338597e+19, 0.6262084282682152, -3.931221316352406, -11.286376516280376, -45.54866286853507]
Episode 76 finished
Pacman died! Score: -340
New Theta Values:  [-1.6602069666338597e+19, 0.6262084282682152, -3.931221316352406, -11.286376516280376, -45.54866286853507]
Episode 77 finished
Pacman died! Score: -384
New Theta Values:  [-1.6602069666338597e+19, 0.6262084282682152, -3.931221316352406, -11.286376516280376, -45.54866286853507]
Episode 78 finished
Pacman died! Score: -311
New Theta Values:  [-1.6602069666338597e+19, 0.6262084282682152, -3.931221316352406, -11.286376516280376, -45.54866286853507]
Episode 79 finished
Average Score: -343.0
Scores:        -392.0, -414.0, -278.0, -358.0, -350.0, -319.0, -265.0, -307.0, -357.0, -365.0, -288.0, -331.0, -417.0, -313.0, -402.0, -354.0, -315.0, -340.0, -384.0, -311.0
Win Rate:      0/20 (0.00)
Record:        Loss, Loss, Loss, Loss, Loss, Loss, Loss, Loss, Loss, Loss, Loss, Loss, Loss, Loss, Loss, Loss, Loss, Loss, Loss, Loss
