Initial Theta:  [0, 0, 0, 0, 0]
Beginning 60 episodes of Training
New Theta Values:  [-0.9958902303677488, 0.0, 0.0, -2.57010617562824, 0.0]
Episode 0 finished
New Theta Values:  [1.322016658615851e+19, 0.8933035987259528, 1.800000000000003, -41.3733549365948, -40.40285852822272]
Episode 1 finished
New Theta Values:  [1.322016658615851e+19, 0.8933035987259528, 1.800000000000003, -41.39166389103845, -40.40285852822272]
Episode 2 finished
New Theta Values:  [1.322016658615851e+19, 0.8933035987259528, 1.800000000000003, -41.41027966177714, -40.40285852822272]
Episode 3 finished
New Theta Values:  [1.322016658615851e+19, 0.8933035987259528, 1.800000000000003, -41.42921211300304, -40.40285852822272]
Episode 4 finished
New Theta Values:  [1.322016658615851e+19, 0.8933035987259528, 1.800000000000003, -41.44847157111147, -40.40285852822272]
Episode 5 finished
New Theta Values:  [1.322016658615851e+19, 0.8933035987259528, 1.800000000000003, -41.46806885287668, -40.40285852822272]
Episode 6 finished
New Theta Values:  [1.322016658615851e+19, 0.8933035987259528, 1.800000000000003, -41.48801529572266, -40.40285852822272]
Episode 7 finished
New Theta Values:  [1.322016658615851e+19, 0.8933035987259528, 1.800000000000003, -41.5083227902708, -40.40285852822272]
Episode 8 finished
New Theta Values:  [1.322016658615851e+19, 0.8933035987259528, 1.800000000000003, -41.52900381536385, -40.40285852822272]
Episode 9 finished
New Theta Values:  [1.322016658615851e+19, 0.8933035987259528, 1.800000000000003, -41.55007147578556, -40.40285852822272]
Episode 10 finished
New Theta Values:  [1.322016658615851e+19, 0.8352178884483651, 1.800000000000003, -43.231831316758566, -40.40285852822272]
Episode 11 finished
New Theta Values:  [1.322016658615851e+19, 0.7747093070817834, 1.800000000000003, -44.456883193372505, -40.40285852822272]
Episode 12 finished
New Theta Values:  [1.322016658615851e+19, 0.9116170530569865, 1.800000000000003, -45.17818414575802, -40.40285852822272]
Episode 13 finished
New Theta Values:  [1.322016658615851e+19, 0.9116170530569865, 1.800000000000003, -45.34199377193199, -40.40285852822272]
Episode 14 finished
New Theta Values:  [1.322016658615851e+19, 0.9116170530569865, 1.800000000000003, -46.02859651247367, -40.40285852822272]
Episode 15 finished
New Theta Values:  [1.322016658615851e+19, 0.9116170530569865, 1.800000000000003, -47.08941110004117, -40.40285852822272]
Episode 16 finished
New Theta Values:  [1.322016658615851e+19, -0.7027942811927239, 0.18558866575029248, -47.51530340014868, -40.40285852822272]
Episode 17 finished
New Theta Values:  [1.2989348678956036e+19, -1.120605093034805, -0.236949740395785, -48.28215664652497, -40.40285852822272]
Episode 18 finished
New Theta Values:  [1.2989348678956036e+19, -1.120605093034805, -0.236949740395785, -48.51529129401693, -40.40285852822272]
Episode 19 finished
New Theta Values:  [1.2989348678956036e+19, -1.120605093034805, -0.236949740395785, -48.58572362039687, -40.40285852822272]
Episode 20 finished
New Theta Values:  [1.2989348678956036e+19, -1.5812698533940222, -0.236949740395785, -48.82028017042058, -40.40285852822272]
Episode 21 finished
New Theta Values:  [1.2216489249225572e+19, -1.5901841837003428, -0.3207433276697527, -49.91497001777087, -40.40285852822272]
Episode 22 finished
New Theta Values:  [1.2173484091195075e+19, -1.8886397775470343, -0.32540595624622753, -50.00022761625432, -40.40285852822272]
Episode 23 finished
New Theta Values:  [1.2173484091195075e+19, -1.8886397775470343, -0.32540595624622753, -50.93380015545493, -40.40285852822272]
Episode 24 finished
New Theta Values:  [1.2173484091195075e+19, -1.8623598497594847, -0.32540595624622753, -50.9492028593537, -40.40285852822272]
Episode 25 finished
New Theta Values:  [1.2173484091195075e+19, -1.8623598497594847, -0.32540595624622753, -50.95517495672028, -40.40285852822272]
Episode 26 finished
New Theta Values:  [1.2173484091195075e+19, -1.8623598497594847, -0.32540595624622753, -50.95927295470488, -40.40285852822272]
Episode 27 finished
New Theta Values:  [1.2173484091195075e+19, -1.8623598497594847, -0.32540595624622753, -50.967621717284274, -40.40285852822272]
Episode 28 finished
New Theta Values:  [1.2173484091195075e+19, -1.8623598497594847, -0.32540595624622753, -50.9759013590729, -40.40285852822272]
Episode 29 finished
New Theta Values:  [1.2173484091195075e+19, -1.8623598497594847, -0.32540595624622753, -50.98928567922561, -40.40285852822272]
Episode 30 finished
New Theta Values:  [1.2173484091195075e+19, -2.082454915177055, -0.32540595624622753, -50.998803537489586, -40.40285852822272]
Episode 31 finished
New Theta Values:  [1.2173484091195075e+19, -2.0602921466650805, -0.32540595624622753, -51.11130461445789, -40.40285852822272]
Episode 32 finished
New Theta Values:  [1.2173484091195075e+19, -2.0602921466650805, -0.32540595624622753, -51.11848015406035, -40.40285852822272]
Episode 33 finished
New Theta Values:  [1.2173484091195075e+19, -2.1685875750260304, -0.32540595624622753, -52.036251813278604, -40.40285852822272]
Episode 34 finished
New Theta Values:  [1.2173484091195075e+19, -2.1685875750260304, -0.32540595624622753, -52.140699744572444, -40.40285852822272]
Episode 35 finished
New Theta Values:  [1.2173484091195075e+19, -2.288231464388005, -0.4631695110759789, -52.14245557517393, -40.40285852822272]
Episode 36 finished
New Theta Values:  [1.2173484091195075e+19, -2.343908245610532, -0.5188462922985055, -53.04634986417696, -40.40285852822272]
Episode 37 finished
New Theta Values:  [1.2173484091195075e+19, -2.343908245610532, -0.5188462922985055, -53.947972040686494, -40.40285852822272]
Episode 38 finished
New Theta Values:  [1.2173484091195075e+19, -2.343908245610532, -0.5188462922985055, -54.04863081991945, -40.40285852822272]
Episode 39 finished
New Theta Values:  [1.2172565039573447e+19, -2.3433822418298957, -0.518945936074985, -54.15016021001018, -40.40285852822272]
Episode 40 finished
New Theta Values:  [1.2172565039573447e+19, -2.5258635965221172, -0.518945936074985, -54.15110189917599, -40.40285852822272]
Episode 41 finished
New Theta Values:  [1.2172565039573447e+19, -2.5258635965221172, -0.518945936074985, -54.25163960938056, -40.40285852822272]
Episode 42 finished
New Theta Values:  [1.3094902243258925e+19, -2.5258635965221172, -0.418945936074985, -54.35276379853664, -40.40285852822272]
Episode 43 finished
New Theta Values:  [1.3094902243258925e+19, -2.4496984463382714, -0.418945936074985, -54.353079730773125, -40.40285852822272]
Episode 44 finished
New Theta Values:  [1.3094902243258925e+19, -2.4842075942628914, -0.4686353055107282, -54.35336465870542, -40.40285852822272]
Episode 45 finished
New Theta Values:  [1.3094902243258925e+19, -2.4842075942628914, -0.4686353055107282, -55.25380392539391, -40.40285852822272]
Episode 46 finished
New Theta Values:  [1.3094902243258925e+19, -2.4842075942628914, -0.4686353055107282, -55.253918304704875, -40.40285852822272]
Episode 47 finished
New Theta Values:  [1.3094902243258925e+19, -2.581624632102745, -0.4686353055107282, -55.254131791221404, -40.40285852822272]
Episode 48 finished
New Theta Values:  [1.3094902243258925e+19, -2.581624632102745, -0.4686353055107282, -55.254301904636705, -40.40285852822272]
Episode 49 finished
New Theta Values:  [1.3094902243258925e+19, -2.581624632102745, -0.4686353055107282, -56.154480353341384, -40.40285852822272]
Episode 50 finished
New Theta Values:  [1.3094902243258925e+19, -2.581624632102745, -0.4686353055107282, -57.05455289610458, -40.40285852822272]
Episode 51 finished
New Theta Values:  [1.3094902243258925e+19, -2.581624632102745, -0.4686353055107282, -57.054571789637876, -40.40285852822272]
Episode 52 finished
New Theta Values:  [1.3094902243258925e+19, -2.6472289642635194, -0.4686353055107282, -57.15463901576402, -40.40285852822272]
Episode 53 finished
New Theta Values:  [7.56081644760385e+18, -2.6471961584222257, -1.0686420897477689, -57.75472530117554, -40.40285852822272]
Episode 54 finished
New Theta Values:  [7.56081644760385e+18, -2.7662877333509934, -1.0686420897477689, -57.7547336758444, -40.40285852822272]
Episode 55 finished
New Theta Values:  [7.56081644760385e+18, -2.911998572450521, -1.0686420897477689, -57.754829093221446, -40.40285852822272]
Episode 56 finished
New Theta Values:  [7.560797368162858e+18, -2.9119747233791053, -1.0686441839770704, -57.75486811593661, -40.40285852822272]
Episode 57 finished
New Theta Values:  [7.560797368162858e+18, -2.9119747233791053, -1.0686441839770704, -57.754880011668966, -40.40285852822272]
Episode 58 finished
New Theta Values:  [7.560797368162858e+18, -2.880729886779569, -1.0686441839770704, -57.75489693996721, -40.40285852822272]
Episode 59 finished
Training Done (turning off epsilon and alpha)
---------------------------------------------
Pacman died! Score: -563
New Theta Values:  [7.560797368162858e+18, -2.880729886779569, -1.0686441839770704, -57.75489693996721, -40.40285852822272]
Episode 60 finished
Pacman died! Score: -346
New Theta Values:  [7.560797368162858e+18, -2.880729886779569, -1.0686441839770704, -57.75489693996721, -40.40285852822272]
Episode 61 finished
Pacman died! Score: -265
New Theta Values:  [7.560797368162858e+18, -2.880729886779569, -1.0686441839770704, -57.75489693996721, -40.40285852822272]
Episode 62 finished
Pacman died! Score: -320
New Theta Values:  [7.560797368162858e+18, -2.880729886779569, -1.0686441839770704, -57.75489693996721, -40.40285852822272]
Episode 63 finished
Pacman died! Score: -401
New Theta Values:  [7.560797368162858e+18, -2.880729886779569, -1.0686441839770704, -57.75489693996721, -40.40285852822272]
Episode 64 finished
Pacman died! Score: -336
New Theta Values:  [7.560797368162858e+18, -2.880729886779569, -1.0686441839770704, -57.75489693996721, -40.40285852822272]
Episode 65 finished
Pacman died! Score: -503
New Theta Values:  [7.560797368162858e+18, -2.880729886779569, -1.0686441839770704, -57.75489693996721, -40.40285852822272]
Episode 66 finished
Pacman died! Score: -395
New Theta Values:  [7.560797368162858e+18, -2.880729886779569, -1.0686441839770704, -57.75489693996721, -40.40285852822272]
Episode 67 finished
Pacman died! Score: -462
New Theta Values:  [7.560797368162858e+18, -2.880729886779569, -1.0686441839770704, -57.75489693996721, -40.40285852822272]
Episode 68 finished
Pacman died! Score: -387
New Theta Values:  [7.560797368162858e+18, -2.880729886779569, -1.0686441839770704, -57.75489693996721, -40.40285852822272]
Episode 69 finished
Pacman died! Score: -334
New Theta Values:  [7.560797368162858e+18, -2.880729886779569, -1.0686441839770704, -57.75489693996721, -40.40285852822272]
Episode 70 finished
Pacman died! Score: -333
New Theta Values:  [7.560797368162858e+18, -2.880729886779569, -1.0686441839770704, -57.75489693996721, -40.40285852822272]
Episode 71 finished
Pacman died! Score: -102
New Theta Values:  [7.560797368162858e+18, -2.880729886779569, -1.0686441839770704, -57.75489693996721, -40.40285852822272]
Episode 72 finished
Pacman died! Score: -366
New Theta Values:  [7.560797368162858e+18, -2.880729886779569, -1.0686441839770704, -57.75489693996721, -40.40285852822272]
Episode 73 finished
Pacman died! Score: -284
New Theta Values:  [7.560797368162858e+18, -2.880729886779569, -1.0686441839770704, -57.75489693996721, -40.40285852822272]
Episode 74 finished
Pacman died! Score: -447
New Theta Values:  [7.560797368162858e+18, -2.880729886779569, -1.0686441839770704, -57.75489693996721, -40.40285852822272]
Episode 75 finished
Pacman died! Score: -381
New Theta Values:  [7.560797368162858e+18, -2.880729886779569, -1.0686441839770704, -57.75489693996721, -40.40285852822272]
Episode 76 finished
Pacman died! Score: -313
New Theta Values:  [7.560797368162858e+18, -2.880729886779569, -1.0686441839770704, -57.75489693996721, -40.40285852822272]
Episode 77 finished
Pacman died! Score: -265
New Theta Values:  [7.560797368162858e+18, -2.880729886779569, -1.0686441839770704, -57.75489693996721, -40.40285852822272]
Episode 78 finished
Pacman died! Score: -605
New Theta Values:  [7.560797368162858e+18, -2.880729886779569, -1.0686441839770704, -57.75489693996721, -40.40285852822272]
Episode 79 finished
Average Score: -370.4
Scores:        -563.0, -346.0, -265.0, -320.0, -401.0, -336.0, -503.0, -395.0, -462.0, -387.0, -334.0, -333.0, -102.0, -366.0, -284.0, -447.0, -381.0, -313.0, -265.0, -605.0
Win Rate:      0/20 (0.00)
Record:        Loss, Loss, Loss, Loss, Loss, Loss, Loss, Loss, Loss, Loss, Loss, Loss, Loss, Loss, Loss, Loss, Loss, Loss, Loss, Loss
