Initial Theta:  [0, 0, 0, 0, 0]
Beginning 60 episodes of Training
New Theta Values:  [-1.5169935182688974, 0.0, 0.0, -3.456770519044029, 0.0]
Episode 0 finished
New Theta Values:  [-1.542117461320973, 0.0, 0.0, -3.811761998639673, 0.0]
Episode 1 finished
New Theta Values:  [3.275601176467239, -0.09391992503896579, 0.09581241806361834, -6.075453997922574, -0.6191593754672442]
Episode 2 finished
New Theta Values:  [3.6004362626731954, 0.2625142306882947, 0.45738108945848943, -6.821606253334171, -0.6191593754672442]
Episode 3 finished
New Theta Values:  [3.5012007898748116, 0.2625142306882947, 0.45738108945848943, -6.932022496828547, -0.6191593754672442]
Episode 4 finished
New Theta Values:  [4.223657513049426, 0.0867620391376489, 0.3792330324338314, -7.1233232029685745, -0.6191593754672442]
Episode 5 finished
New Theta Values:  [2.4408915949320447, 0.0867620391376489, 0.3792330324338314, -7.377837230381574, -4.002081452122763]
Episode 6 finished
New Theta Values:  [2.4218620931249357, 0.0887747236059901, 0.3792330324338314, -7.403351598734318, -4.002081452122763]
Episode 7 finished
New Theta Values:  [2.403648691789098, 0.09073463542439353, 0.3792330324338314, -7.427885397920817, -4.002081452122763]
Episode 8 finished
New Theta Values:  [2.4436217514822802, 0.19113883156453995, 0.3792330324338314, -7.5005401510141345, -4.014948830096697]
Episode 9 finished
New Theta Values:  [2.3401715220752224, -0.02222294843508997, 0.3792330324338314, -7.570319981570862, -4.027873922594236]
Episode 10 finished
New Theta Values:  [2.3212742445875145, -0.02222294843508997, 0.3792330324338314, -7.595186066327927, -4.027873922594236]
Episode 11 finished
New Theta Values:  [2.3076232011950184, -0.020405450682345234, 0.3792330324338314, -7.614258645575929, -4.027873922594236]
Episode 12 finished
New Theta Values:  [2.27099838906996, -1.3512598735350343, -0.9494719467973057, -7.6563172239799355, -4.039060379770585]
Episode 13 finished
New Theta Values:  [2.2587712049773465, -1.3448076685259258, -0.9494719467973057, -7.678388270463076, -4.039060379770585]
Episode 14 finished
New Theta Values:  [2.2430875217888184, -1.3448076685259258, -0.9494719467973057, -7.699437790971606, -4.039060379770585]
Episode 15 finished
New Theta Values:  [2.2279613899747512, -1.336926568610627, -0.9395371124526725, -7.729754275945367, -4.039060379770585]
Episode 16 finished
New Theta Values:  [2.2099346993448274, -1.331051978637819, -0.9395371124526725, -7.757585018841513, -4.039060379770585]
Episode 17 finished
New Theta Values:  [2.193346490636333, -1.4993204979745813, -1.107456557122742, -7.779161585605727, -4.039060379770585]
Episode 18 finished
New Theta Values:  [2.2926066313047007, -1.439273163669262, -1.107456557122742, -7.816779983438307, -4.048874684220989]
Episode 19 finished
New Theta Values:  [2.3093638261170826, -1.400425476961541, -0.9820776341336748, -7.954284841251193, -4.048874684220989]
Episode 20 finished
New Theta Values:  [1.1899835514159003, -1.4716470877272554, -0.9110139683728986, -8.020053504570765, -4.059690017205989]
Episode 21 finished
New Theta Values:  [1.1704767229638713, -1.4609559027571883, -0.9110139683728986, -8.0494203366215, -4.063191052057613]
Episode 22 finished
New Theta Values:  [1.29853983640234, -1.4548540748246594, -0.9110139683728986, -8.062337525698636, -4.066601413443806]
Episode 23 finished
New Theta Values:  [1.2567998730838272, -1.423285228315943, -0.8882470863056205, -8.113751293294834, -4.066601413443806]
Episode 24 finished
New Theta Values:  [1.2344043220677265, -1.413579366179363, -0.8882470863056205, -8.14606213077131, -4.066601413443806]
Episode 25 finished
New Theta Values:  [1.160330666291931, -1.2669624643103794, -0.8146024090134926, -8.233185224161145, -4.066601413443806]
Episode 26 finished
New Theta Values:  [-11.598804111609422, -0.8459450178500496, -0.6146074714129309, -8.462334155379395, -4.066601413443806]
Episode 27 finished
New Theta Values:  [-11.598804121573353, 0.41437526393888857, -0.6146074714129309, -8.465630832358176, -4.066601413443806]
Episode 28 finished
New Theta Values:  [-11.598815062709775, 0.4151324567883699, -0.6146074714129309, -8.472611781810706, -4.066601423142419]
Episode 29 finished
New Theta Values:  [-11.43077480633596, 0.4179712694308006, -0.6257920520783683, -8.649429086987396, -4.0665084969932]
Episode 30 finished
New Theta Values:  [-11.430774816594194, 0.4179712694308006, -0.6257920520783683, -8.652420915081741, -4.0665084969932]
Episode 31 finished
New Theta Values:  [-11.430660398367591, 0.41814819541922177, -0.6260427046144446, -8.659433501786854, -4.066508496993173]
Episode 32 finished
New Theta Values:  [-11.430660406833637, 0.41814819541922177, -0.6260427046144446, -8.66099360046316, -4.066508496993173]
Episode 33 finished
New Theta Values:  [-11.43061804470406, -0.6676638091868023, -0.6261307065482492, -8.667735579962581, -4.066508496993161]
Episode 34 finished
New Theta Values:  [-11.430525609089809, -1.2572061644947263, -1.2153656107175748, -8.673372305445133, -4.066508508470712]
Episode 35 finished
New Theta Values:  [-11.430486389788001, -1.2540055954156886, -1.2158448384588827, -8.683515293988988, -4.066508519949343]
Episode 36 finished
New Theta Values:  [-11.430076672198156, -0.33529620639873203, -1.7379129364616304, -8.699914202138268, -4.0665085623420545]
Episode 37 finished
New Theta Values:  [-11.423682556484545, 0.7142597418641651, -1.708104009545292, -8.721808030972705, -4.06650484429826]
Episode 38 finished
New Theta Values:  [-9.727703339797543, 0.7142826639243761, -1.708097437543375, -10.424956662613289, -4.066565921356304]
Episode 39 finished
New Theta Values:  [-8.918666271022882, 0.31474728534184937, -1.7080780405113496, -11.234260774917397, -4.067520131820697]
Episode 40 finished
New Theta Values:  [-8.918666277390187, 0.31474728534184937, -1.7080780405113496, -11.234415368640406, -4.067520131820697]
Episode 41 finished
New Theta Values:  [-8.916739734296925, 0.31473726011486386, -1.7080780405113496, -11.236227770335745, -4.067520273014265]
Episode 42 finished
New Theta Values:  [-8.916739832840959, 0.31475458322288513, -1.7080780405113496, -11.23666044367554, -4.067520414529329]
Episode 43 finished
New Theta Values:  [-8.912291659351396, 0.818177877812214, -2.0659671791790735, -11.240428534936736, -4.0675205560443395]
Episode 44 finished
New Theta Values:  [-9.106171893649352, 0.8183286079295526, -2.0659609523981035, -11.241169255253553, -4.067520553899603]
Episode 45 finished
New Theta Values:  [-8.789335644464213, 0.818508733880875, -2.0659532350579326, -11.5580508013866, -4.068390221123631]
Episode 46 finished
New Theta Values:  [-8.681969246175266, 0.8186943380512105, -2.0662074765917358, -11.664646468676855, -4.069381056256538]
Episode 47 finished
New Theta Values:  [-8.68196925011003, 0.8186943380512105, -2.0662074765917358, -11.664739264800497, -4.069381056256538]
Episode 48 finished
New Theta Values:  [-8.642066474950036, 0.8202762823367075, -2.0662074765917358, -11.684915445250487, -4.069381234500719]
Episode 49 finished
New Theta Values:  [-8.642170008735352, 0.8217294832025924, -2.06495250586195, -11.685674264384165, -4.069381233909426]
Episode 50 finished
New Theta Values:  [-8.61326929124682, 0.11888412717233206, -2.5999932777729367, -11.700804542795773, -4.0693744797915405]
Episode 51 finished
New Theta Values:  [-8.531833952571482, -0.12730398920359645, -2.8463167017359274, -11.78069624274326, -4.070379621339811]
Episode 52 finished
New Theta Values:  [-8.532188677514359, -0.12730398920359645, -2.8463167017359274, -11.781047381007832, -4.070379621339811]
Episode 53 finished
New Theta Values:  [-8.528293919028416, -0.12735835951273747, -2.8463144050977176, -11.781335064207124, -4.070379828034764]
Episode 54 finished
New Theta Values:  [-8.527370822351706, -0.12729219123132277, -2.8467671230110474, -11.781777996438292, -4.070379828034764]
Episode 55 finished
New Theta Values:  [-8.527370934367996, -0.12729219123132277, -2.8467671230110474, -11.781977455289198, -4.070380035727862]
Episode 56 finished
New Theta Values:  [-8.5155996019979, -0.23387393634971354, -2.8358540780551675, -11.788594720881823, -4.070380035727862]
Episode 57 finished
New Theta Values:  [-8.515427688939518, -0.23392454968986343, -2.8358540780551675, -11.788916215048632, -4.07038024588013]
Episode 58 finished
New Theta Values:  [-8.515427714915804, -0.4424107110274079, -3.0442875616602287, -11.789148145727832, -4.07038024588013]
Episode 59 finished
Training Done (turning off epsilon and alpha)
---------------------------------------------
Pacman died! Score: -418
New Theta Values:  [-8.515427714915804, -0.4424107110274079, -3.0442875616602287, -11.789148145727832, -4.07038024588013]
Episode 60 finished
Pacman died! Score: -92
New Theta Values:  [-8.515427714915804, -0.4424107110274079, -3.0442875616602287, -11.789148145727832, -4.07038024588013]
Episode 61 finished
Pacman died! Score: -308
New Theta Values:  [-8.515427714915804, -0.4424107110274079, -3.0442875616602287, -11.789148145727832, -4.07038024588013]
Episode 62 finished
Pacman died! Score: -314
New Theta Values:  [-8.515427714915804, -0.4424107110274079, -3.0442875616602287, -11.789148145727832, -4.07038024588013]
Episode 63 finished
Pacman died! Score: -330
New Theta Values:  [-8.515427714915804, -0.4424107110274079, -3.0442875616602287, -11.789148145727832, -4.07038024588013]
Episode 64 finished
Pacman died! Score: -309
New Theta Values:  [-8.515427714915804, -0.4424107110274079, -3.0442875616602287, -11.789148145727832, -4.07038024588013]
Episode 65 finished
Pacman died! Score: -269
New Theta Values:  [-8.515427714915804, -0.4424107110274079, -3.0442875616602287, -11.789148145727832, -4.07038024588013]
Episode 66 finished
Pacman died! Score: -302
New Theta Values:  [-8.515427714915804, -0.4424107110274079, -3.0442875616602287, -11.789148145727832, -4.07038024588013]
Episode 67 finished
Pacman died! Score: -302
New Theta Values:  [-8.515427714915804, -0.4424107110274079, -3.0442875616602287, -11.789148145727832, -4.07038024588013]
Episode 68 finished
Pacman died! Score: -306
New Theta Values:  [-8.515427714915804, -0.4424107110274079, -3.0442875616602287, -11.789148145727832, -4.07038024588013]
Episode 69 finished
Pacman died! Score: -215
New Theta Values:  [-8.515427714915804, -0.4424107110274079, -3.0442875616602287, -11.789148145727832, -4.07038024588013]
Episode 70 finished
Pacman died! Score: -214
New Theta Values:  [-8.515427714915804, -0.4424107110274079, -3.0442875616602287, -11.789148145727832, -4.07038024588013]
Episode 71 finished
Pacman died! Score: -350
New Theta Values:  [-8.515427714915804, -0.4424107110274079, -3.0442875616602287, -11.789148145727832, -4.07038024588013]
Episode 72 finished
Pacman died! Score: -333
New Theta Values:  [-8.515427714915804, -0.4424107110274079, -3.0442875616602287, -11.789148145727832, -4.07038024588013]
Episode 73 finished
Pacman died! Score: -358
New Theta Values:  [-8.515427714915804, -0.4424107110274079, -3.0442875616602287, -11.789148145727832, -4.07038024588013]
Episode 74 finished
Pacman died! Score: -167
New Theta Values:  [-8.515427714915804, -0.4424107110274079, -3.0442875616602287, -11.789148145727832, -4.07038024588013]
Episode 75 finished
Pacman died! Score: -437
New Theta Values:  [-8.515427714915804, -0.4424107110274079, -3.0442875616602287, -11.789148145727832, -4.07038024588013]
Episode 76 finished
Pacman died! Score: -412
New Theta Values:  [-8.515427714915804, -0.4424107110274079, -3.0442875616602287, -11.789148145727832, -4.07038024588013]
Episode 77 finished
Pacman died! Score: -302
New Theta Values:  [-8.515427714915804, -0.4424107110274079, -3.0442875616602287, -11.789148145727832, -4.07038024588013]
Episode 78 finished
Pacman died! Score: -358
New Theta Values:  [-8.515427714915804, -0.4424107110274079, -3.0442875616602287, -11.789148145727832, -4.07038024588013]
Episode 79 finished
Average Score: -304.8
Scores:        -418.0, -92.0, -308.0, -314.0, -330.0, -309.0, -269.0, -302.0, -302.0, -306.0, -215.0, -214.0, -350.0, -333.0, -358.0, -167.0, -437.0, -412.0, -302.0, -358.0
Win Rate:      0/20 (0.00)
Record:        Loss, Loss, Loss, Loss, Loss, Loss, Loss, Loss, Loss, Loss, Loss, Loss, Loss, Loss, Loss, Loss, Loss, Loss, Loss, Loss
