Initial Theta:  [0, 0, 0, 0, 0]
Beginning 100 episodes of Training
Pacman died! Score: -458
New Theta Values:  [-0.8721939375890854, -8.882934722871949e-05, 0.0009700053399696023, -3.2745064113585194, 0.0]
Episode 0 finished
Pacman emerges victorious! Score: 1489
New Theta Values:  [-1.2108658689014127, -8.882934722871949e-05, 0.0009700053399696023, -4.506888176912808, -1.3334514110028327e-05]
Episode 1 finished
Pacman died! Score: -349
New Theta Values:  [-1.3026580592401302, 0.006589490598575773, 0.052842947012425465, -4.85284563284663, -1.3334514110028327e-05]
Episode 2 finished
Pacman died! Score: 59
New Theta Values:  [-1.355909186474095, -0.34833734197968497, -0.2858179620142884, -5.15294073609096, -0.0009214163107840635]
Episode 3 finished
Pacman died! Score: -155
New Theta Values:  [-0.1335859337304809, -0.34833734197968497, -0.2858179620142884, -5.576856024543971, -0.0009214163107840635]
Episode 4 finished
Pacman died! Score: 165
New Theta Values:  [-0.25589018728638724, -0.348314621435244, -0.2858162651272143, -6.059627833211589, -0.001619222334980319]
Episode 5 finished
Pacman died! Score: 305
New Theta Values:  [-0.33875564418812193, -0.34831461630709726, -0.2858162651219999, -6.170117214550488, -0.0021861857207770116]
Episode 6 finished
Pacman died! Score: -253
New Theta Values:  [-0.1764549234993791, -0.40336789165406817, -0.3407311973507272, -6.269913709082533, -0.0021861857207770116]
Episode 7 finished
Pacman died! Score: 223
New Theta Values:  [-0.2783627128502343, -0.6348118513093464, -0.571353997046325, -6.369413684180462, 0.021815947520589768]
Episode 8 finished
Pacman died! Score: -169
New Theta Values:  [-0.43009409498267626, -0.6348118513093464, -0.571353997046325, -6.4532879006810555, 0.02137667671613905]
Episode 9 finished
Pacman died! Score: 162
New Theta Values:  [-0.39579506581708934, -0.6368846319251161, -0.5719060930893577, -6.53913879017192, 0.02096214519932492]
Episode 10 finished
Pacman died! Score: -284
New Theta Values:  [-0.5702537666625249, -0.7071884183526164, -0.6420412631798972, -6.60662710067184, 0.02096214519932492]
Episode 11 finished
Pacman died! Score: -132
New Theta Values:  [-0.651439635988628, -0.8191578248056564, -0.6420412631798972, -6.6757431156142095, 0.02096214519932492]
Episode 12 finished
Pacman emerges victorious! Score: 1704
New Theta Values:  [-1.2770189430144805, -0.8191578248056564, -0.6420412631798972, -6.747090284500376, -0.42059496436153077]
Episode 13 finished
Pacman died! Score: 254
New Theta Values:  [-1.3299330438667807, -0.7749126870603293, -0.593943637594376, -6.832614062745898, -0.4209168923487994]
Episode 14 finished
Pacman emerges victorious! Score: 1301
New Theta Values:  [-1.0658079283830104, -0.7749126801737946, -0.593943637594376, -6.936624076271081, -0.4213665749563509]
Episode 15 finished
Pacman died! Score: 28
New Theta Values:  [-1.1126568849176284, -1.3121955077192886, -0.5902426184915739, -6.987008689976229, -0.4250310672713253]
Episode 16 finished
Pacman died! Score: 449
New Theta Values:  [-1.009296096961197, -1.446158217030867, -0.5902425822644822, -7.04727142352189, -0.7140237479202839]
Episode 17 finished
Pacman emerges victorious! Score: 1716
New Theta Values:  [-1.017031496622283, -1.4459958600737957, -0.5900292262998263, -7.087285345793492, -0.7145989574484155]
Episode 18 finished
